{"routes/items.js":{"path":"routes/items.js","s":{"1":1,"2":1,"3":1,"4":1,"5":1,"6":0,"7":1,"8":4,"9":4,"10":2,"11":2,"12":1,"13":1,"14":1,"15":2,"16":2,"17":2,"18":1,"19":1,"20":0,"21":1,"22":2,"23":2,"24":1,"25":1,"26":1,"27":2,"28":2,"29":0,"30":0,"31":0,"32":0,"33":0,"34":2,"35":2,"36":1,"37":1,"38":1,"39":2,"40":2,"41":1,"42":1,"43":1,"44":1,"45":3,"46":3,"47":3,"48":3,"49":2,"50":2,"51":2,"52":1,"53":1,"54":1,"55":1,"56":3,"57":3,"58":3,"59":2,"60":2,"61":1,"62":1,"63":1,"64":1,"65":0,"66":0,"67":0,"68":1,"69":0,"70":1,"71":1},"b":{"1":[2,2],"2":[1,1],"3":[2,0],"4":[1,1],"5":[1,1],"6":[0,2],"7":[0,0],"8":[0,0],"9":[1,1],"10":[1,1],"11":[2,1],"12":[1,1],"13":[2,1],"14":[1,1],"15":[0,0]},"f":{"1":0,"2":4,"3":2,"4":2,"5":2,"6":2,"7":2,"8":2,"9":2,"10":2,"11":3,"12":3,"13":2,"14":3,"15":3,"16":2,"17":0,"18":0,"19":1},"fnMap":{"1":{"name":"(anonymous_1)","line":12,"loc":{"start":{"line":12,"column":19},"end":{"line":12,"column":38}}},"2":{"name":"(anonymous_2)","line":48,"loc":{"start":{"line":48,"column":20},"end":{"line":48,"column":39}}},"3":{"name":"(anonymous_3)","line":51,"loc":{"start":{"line":51,"column":39},"end":{"line":51,"column":63}}},"4":{"name":"(anonymous_4)","line":60,"loc":{"start":{"line":60,"column":40},"end":{"line":60,"column":64}}},"5":{"name":"(anonymous_5)","line":73,"loc":{"start":{"line":73,"column":17},"end":{"line":73,"column":36}}},"6":{"name":"(anonymous_6)","line":74,"loc":{"start":{"line":74,"column":32},"end":{"line":74,"column":65}}},"7":{"name":"(anonymous_7)","line":84,"loc":{"start":{"line":84,"column":15},"end":{"line":84,"column":34}}},"8":{"name":"(anonymous_8)","line":95,"loc":{"start":{"line":95,"column":45},"end":{"line":95,"column":65}}},"9":{"name":"(anonymous_9)","line":105,"loc":{"start":{"line":105,"column":15},"end":{"line":105,"column":34}}},"10":{"name":"(anonymous_10)","line":106,"loc":{"start":{"line":106,"column":42},"end":{"line":106,"column":75}}},"11":{"name":"(anonymous_11)","line":116,"loc":{"start":{"line":116,"column":17},"end":{"line":116,"column":36}}},"12":{"name":"(anonymous_12)","line":119,"loc":{"start":{"line":119,"column":41},"end":{"line":119,"column":61}}},"13":{"name":"(anonymous_13)","line":122,"loc":{"start":{"line":122,"column":40},"end":{"line":122,"column":73}}},"14":{"name":"(anonymous_14)","line":137,"loc":{"start":{"line":137,"column":18},"end":{"line":137,"column":37}}},"15":{"name":"(anonymous_15)","line":139,"loc":{"start":{"line":139,"column":44},"end":{"line":139,"column":64}}},"16":{"name":"(anonymous_16)","line":142,"loc":{"start":{"line":142,"column":46},"end":{"line":142,"column":70}}},"17":{"name":"(anonymous_17)","line":156,"loc":{"start":{"line":156,"column":10},"end":{"line":156,"column":22}}},"18":{"name":"(anonymous_18)","line":162,"loc":{"start":{"line":162,"column":14},"end":{"line":162,"column":33}}},"19":{"name":"(anonymous_19)","line":167,"loc":{"start":{"line":167,"column":23},"end":{"line":167,"column":34}}}},"statementMap":{"1":{"start":{"line":2,"column":0},"end":{"line":2,"column":27}},"2":{"start":{"line":3,"column":0},"end":{"line":3,"column":25}},"3":{"start":{"line":4,"column":0},"end":{"line":4,"column":12}},"4":{"start":{"line":5,"column":0},"end":{"line":5,"column":26}},"5":{"start":{"line":12,"column":0},"end":{"line":44,"column":2}},"6":{"start":{"line":13,"column":4},"end":{"line":13,"column":51}},"7":{"start":{"line":48,"column":0},"end":{"line":70,"column":2}},"8":{"start":{"line":49,"column":4},"end":{"line":49,"column":49}},"9":{"start":{"line":50,"column":4},"end":{"line":69,"column":2}},"10":{"start":{"line":51,"column":8},"end":{"line":58,"column":11}},"11":{"start":{"line":52,"column":12},"end":{"line":57,"column":13}},"12":{"start":{"line":53,"column":16},"end":{"line":53,"column":32}},"13":{"start":{"line":54,"column":16},"end":{"line":54,"column":79}},"14":{"start":{"line":56,"column":16},"end":{"line":56,"column":36}},"15":{"start":{"line":59,"column":11},"end":{"line":69,"column":2}},"16":{"start":{"line":60,"column":8},"end":{"line":66,"column":11}},"17":{"start":{"line":61,"column":9},"end":{"line":65,"column":10}},"18":{"start":{"line":62,"column":13},"end":{"line":62,"column":62}},"19":{"start":{"line":64,"column":10},"end":{"line":64,"column":60}},"20":{"start":{"line":68,"column":5},"end":{"line":68,"column":88}},"21":{"start":{"line":73,"column":0},"end":{"line":81,"column":2}},"22":{"start":{"line":74,"column":4},"end":{"line":80,"column":7}},"23":{"start":{"line":75,"column":8},"end":{"line":79,"column":9}},"24":{"start":{"line":76,"column":12},"end":{"line":76,"column":57}},"25":{"start":{"line":78,"column":12},"end":{"line":78,"column":86}},"26":{"start":{"line":84,"column":0},"end":{"line":102,"column":2}},"27":{"start":{"line":85,"column":4},"end":{"line":85,"column":27}},"28":{"start":{"line":86,"column":4},"end":{"line":94,"column":5}},"29":{"start":{"line":87,"column":5},"end":{"line":87,"column":64}},"30":{"start":{"line":88,"column":5},"end":{"line":92,"column":6}},"31":{"start":{"line":89,"column":9},"end":{"line":89,"column":53}},"32":{"start":{"line":91,"column":6},"end":{"line":91,"column":46}},"33":{"start":{"line":93,"column":8},"end":{"line":93,"column":15}},"34":{"start":{"line":95,"column":4},"end":{"line":101,"column":7}},"35":{"start":{"line":96,"column":8},"end":{"line":100,"column":9}},"36":{"start":{"line":97,"column":12},"end":{"line":97,"column":27}},"37":{"start":{"line":99,"column":12},"end":{"line":99,"column":64}},"38":{"start":{"line":105,"column":0},"end":{"line":113,"column":2}},"39":{"start":{"line":106,"column":4},"end":{"line":112,"column":7}},"40":{"start":{"line":107,"column":5},"end":{"line":110,"column":6}},"41":{"start":{"line":108,"column":9},"end":{"line":108,"column":24}},"42":{"start":{"line":109,"column":9},"end":{"line":109,"column":16}},"43":{"start":{"line":111,"column":5},"end":{"line":111,"column":51}},"44":{"start":{"line":116,"column":0},"end":{"line":134,"column":2}},"45":{"start":{"line":117,"column":4},"end":{"line":117,"column":27}},"46":{"start":{"line":118,"column":4},"end":{"line":118,"column":24}},"47":{"start":{"line":119,"column":4},"end":{"line":133,"column":7}},"48":{"start":{"line":120,"column":8},"end":{"line":132,"column":6}},"49":{"start":{"line":121,"column":12},"end":{"line":121,"column":34}},"50":{"start":{"line":122,"column":12},"end":{"line":128,"column":15}},"51":{"start":{"line":123,"column":13},"end":{"line":127,"column":11}},"52":{"start":{"line":124,"column":17},"end":{"line":124,"column":86}},"53":{"start":{"line":126,"column":14},"end":{"line":126,"column":67}},"54":{"start":{"line":131,"column":9},"end":{"line":131,"column":65}},"55":{"start":{"line":137,"column":0},"end":{"line":153,"column":2}},"56":{"start":{"line":138,"column":4},"end":{"line":138,"column":27}},"57":{"start":{"line":139,"column":4},"end":{"line":152,"column":7}},"58":{"start":{"line":140,"column":8},"end":{"line":151,"column":9}},"59":{"start":{"line":142,"column":12},"end":{"line":148,"column":15}},"60":{"start":{"line":143,"column":16},"end":{"line":147,"column":17}},"61":{"start":{"line":144,"column":20},"end":{"line":144,"column":64}},"62":{"start":{"line":146,"column":20},"end":{"line":146,"column":62}},"63":{"start":{"line":150,"column":12},"end":{"line":150,"column":60}},"64":{"start":{"line":156,"column":0},"end":{"line":161,"column":2}},"65":{"start":{"line":157,"column":4},"end":{"line":159,"column":5}},"66":{"start":{"line":158,"column":8},"end":{"line":158,"column":17}},"67":{"start":{"line":160,"column":4},"end":{"line":160,"column":35}},"68":{"start":{"line":162,"column":0},"end":{"line":164,"column":2}},"69":{"start":{"line":163,"column":4},"end":{"line":163,"column":60}},"70":{"start":{"line":167,"column":0},"end":{"line":169,"column":2}},"71":{"start":{"line":168,"column":4},"end":{"line":168,"column":25}}},"branchMap":{"1":{"line":50,"type":"if","locations":[{"start":{"line":50,"column":4},"end":{"line":50,"column":4}},{"start":{"line":50,"column":4},"end":{"line":50,"column":4}}]},"2":{"line":52,"type":"if","locations":[{"start":{"line":52,"column":12},"end":{"line":52,"column":12}},{"start":{"line":52,"column":12},"end":{"line":52,"column":12}}]},"3":{"line":59,"type":"if","locations":[{"start":{"line":59,"column":11},"end":{"line":59,"column":11}},{"start":{"line":59,"column":11},"end":{"line":59,"column":11}}]},"4":{"line":61,"type":"if","locations":[{"start":{"line":61,"column":9},"end":{"line":61,"column":9}},{"start":{"line":61,"column":9},"end":{"line":61,"column":9}}]},"5":{"line":75,"type":"if","locations":[{"start":{"line":75,"column":8},"end":{"line":75,"column":8}},{"start":{"line":75,"column":8},"end":{"line":75,"column":8}}]},"6":{"line":86,"type":"if","locations":[{"start":{"line":86,"column":4},"end":{"line":86,"column":4}},{"start":{"line":86,"column":4},"end":{"line":86,"column":4}}]},"7":{"line":88,"type":"if","locations":[{"start":{"line":88,"column":5},"end":{"line":88,"column":5}},{"start":{"line":88,"column":5},"end":{"line":88,"column":5}}]},"8":{"line":88,"type":"binary-expr","locations":[{"start":{"line":88,"column":9},"end":{"line":88,"column":20}},{"start":{"line":88,"column":24},"end":{"line":88,"column":44}}]},"9":{"line":96,"type":"if","locations":[{"start":{"line":96,"column":8},"end":{"line":96,"column":8}},{"start":{"line":96,"column":8},"end":{"line":96,"column":8}}]},"10":{"line":107,"type":"if","locations":[{"start":{"line":107,"column":5},"end":{"line":107,"column":5}},{"start":{"line":107,"column":5},"end":{"line":107,"column":5}}]},"11":{"line":120,"type":"if","locations":[{"start":{"line":120,"column":8},"end":{"line":120,"column":8}},{"start":{"line":120,"column":8},"end":{"line":120,"column":8}}]},"12":{"line":123,"type":"if","locations":[{"start":{"line":123,"column":13},"end":{"line":123,"column":13}},{"start":{"line":123,"column":13},"end":{"line":123,"column":13}}]},"13":{"line":140,"type":"if","locations":[{"start":{"line":140,"column":8},"end":{"line":140,"column":8}},{"start":{"line":140,"column":8},"end":{"line":140,"column":8}}]},"14":{"line":143,"type":"if","locations":[{"start":{"line":143,"column":16},"end":{"line":143,"column":16}},{"start":{"line":143,"column":16},"end":{"line":143,"column":16}}]},"15":{"line":157,"type":"if","locations":[{"start":{"line":157,"column":4},"end":{"line":157,"column":4}},{"start":{"line":157,"column":4},"end":{"line":157,"column":4}}]}}}}