TN:
SF:routes/items.js
FN:12,(anonymous_1)
FN:48,(anonymous_2)
FN:51,(anonymous_3)
FN:60,(anonymous_4)
FN:73,(anonymous_5)
FN:74,(anonymous_6)
FN:84,(anonymous_7)
FN:95,(anonymous_8)
FN:105,(anonymous_9)
FN:106,(anonymous_10)
FN:116,(anonymous_11)
FN:119,(anonymous_12)
FN:122,(anonymous_13)
FN:137,(anonymous_14)
FN:139,(anonymous_15)
FN:142,(anonymous_16)
FN:156,(anonymous_17)
FN:162,(anonymous_18)
FN:167,(anonymous_19)
FNF:19
FNH:16
FNDA:0,(anonymous_1)
FNDA:4,(anonymous_2)
FNDA:2,(anonymous_3)
FNDA:2,(anonymous_4)
FNDA:2,(anonymous_5)
FNDA:2,(anonymous_6)
FNDA:2,(anonymous_7)
FNDA:2,(anonymous_8)
FNDA:2,(anonymous_9)
FNDA:2,(anonymous_10)
FNDA:3,(anonymous_11)
FNDA:3,(anonymous_12)
FNDA:2,(anonymous_13)
FNDA:3,(anonymous_14)
FNDA:3,(anonymous_15)
FNDA:2,(anonymous_16)
FNDA:0,(anonymous_17)
FNDA:0,(anonymous_18)
FNDA:1,(anonymous_19)
DA:2,1
DA:3,1
DA:4,1
DA:5,1
DA:12,1
DA:13,0
DA:48,1
DA:49,4
DA:50,4
DA:51,2
DA:52,2
DA:53,1
DA:54,1
DA:56,1
DA:59,2
DA:60,2
DA:61,2
DA:62,1
DA:64,1
DA:68,0
DA:73,1
DA:74,2
DA:75,2
DA:76,1
DA:78,1
DA:84,1
DA:85,2
DA:86,2
DA:87,0
DA:88,0
DA:89,0
DA:91,0
DA:93,0
DA:95,2
DA:96,2
DA:97,1
DA:99,1
DA:105,1
DA:106,2
DA:107,2
DA:108,1
DA:109,1
DA:111,1
DA:116,1
DA:117,3
DA:118,3
DA:119,3
DA:120,3
DA:121,2
DA:122,2
DA:123,2
DA:124,1
DA:126,1
DA:131,1
DA:137,1
DA:138,3
DA:139,3
DA:140,3
DA:142,2
DA:143,2
DA:144,1
DA:146,1
DA:150,1
DA:156,1
DA:157,0
DA:158,0
DA:160,0
DA:162,1
DA:163,0
DA:167,1
DA:168,1
LF:71
LH:60
BRDA:50,1,0,2
BRDA:50,1,1,2
BRDA:52,2,0,1
BRDA:52,2,1,1
BRDA:59,3,0,2
BRDA:59,3,1,0
BRDA:61,4,0,1
BRDA:61,4,1,1
BRDA:75,5,0,1
BRDA:75,5,1,1
BRDA:86,6,0,0
BRDA:86,6,1,2
BRDA:88,7,0,0
BRDA:88,7,1,0
BRDA:88,8,0,0
BRDA:88,8,1,0
BRDA:96,9,0,1
BRDA:96,9,1,1
BRDA:107,10,0,1
BRDA:107,10,1,1
BRDA:120,11,0,2
BRDA:120,11,1,1
BRDA:123,12,0,1
BRDA:123,12,1,1
BRDA:140,13,0,2
BRDA:140,13,1,1
BRDA:143,14,0,1
BRDA:143,14,1,1
BRDA:157,15,0,0
BRDA:157,15,1,0
BRF:30
BRH:22
end_of_record
